h:\vscode\sudoku\sudoku\x64\debug\sudoku.pch.codeanalysis
h:\vscode\sudoku\sudoku\x64\debug\vc141.pdb
h:\vscode\sudoku\sudoku\x64\debug\vc141.idb
h:\vscode\sudoku\sudoku\x64\debug\sudoku.pch.codeanalysisast
h:\vscode\sudoku\sudoku\x64\debug\stdafx.nativecodeanalysis.xml
h:\vscode\sudoku\sudoku\x64\debug\stdafx.obj
h:\vscode\sudoku\sudoku\x64\debug\sudoku.nativecodeanalysis.xml
h:\vscode\sudoku\sudoku\x64\debug\init.nativecodeanalysis.xml
h:\vscode\sudoku\sudoku\x64\debug\init.obj
h:\vscode\sudoku\sudoku\x64\debug\sudoku.obj
h:\vscode\sudoku\x64\debug\sudoku.exe
h:\vscode\sudoku\x64\debug\sudoku.pdb
h:\vscode\sudoku\sudoku\x64\debug\nativecodeanalysis.read.1.tlog
h:\vscode\sudoku\sudoku\x64\debug\vc.nativecodeanalysis.all.xml
h:\vscode\sudoku\x64\debug\sudoku.exe.lastcodeanalysissucceeded
h:\vscode\sudoku\sudoku\x64\debug\sudoku.tlog\cl.command.1.tlog
h:\vscode\sudoku\sudoku\x64\debug\sudoku.tlog\cl.read.1.tlog
h:\vscode\sudoku\sudoku\x64\debug\sudoku.tlog\cl.write.1.tlog
h:\vscode\sudoku\sudoku\x64\debug\sudoku.tlog\link.command.1.tlog
h:\vscode\sudoku\sudoku\x64\debug\sudoku.tlog\link.read.1.tlog
h:\vscode\sudoku\sudoku\x64\debug\sudoku.tlog\link.write.1.tlog
