h:\vscode\sudoku\sudoku\x64\release\sudoku.pch.codeanalysis
h:\vscode\sudoku\sudoku\x64\release\vc141.pdb
h:\vscode\sudoku\sudoku\x64\release\sudoku.pch.codeanalysisast
h:\vscode\sudoku\sudoku\x64\release\stdafx.nativecodeanalysis.xml
h:\vscode\sudoku\sudoku\x64\release\stdafx.obj
h:\vscode\sudoku\sudoku\x64\release\init.nativecodeanalysis.xml
h:\vscode\sudoku\sudoku\x64\release\sudoku.nativecodeanalysis.xml
h:\vscode\sudoku\sudoku\x64\release\sudoku.obj
h:\vscode\sudoku\sudoku\x64\release\init.obj
h:\vscode\sudoku\x64\release\sudoku.exe
h:\vscode\sudoku\x64\release\sudoku.pdb
h:\vscode\sudoku\x64\release\sudoku.ipdb
h:\vscode\sudoku\x64\release\sudoku.iobj
h:\vscode\sudoku\sudoku\x64\release\nativecodeanalysis.read.1.tlog
h:\vscode\sudoku\sudoku\x64\release\vc.nativecodeanalysis.all.xml
h:\vscode\sudoku\x64\release\sudoku.exe.lastcodeanalysissucceeded
h:\vscode\sudoku\sudoku\x64\release\sudoku.tlog\cl.command.1.tlog
h:\vscode\sudoku\sudoku\x64\release\sudoku.tlog\cl.read.1.tlog
h:\vscode\sudoku\sudoku\x64\release\sudoku.tlog\cl.write.1.tlog
h:\vscode\sudoku\sudoku\x64\release\sudoku.tlog\link.command.1.tlog
h:\vscode\sudoku\sudoku\x64\release\sudoku.tlog\link.read.1.tlog
h:\vscode\sudoku\sudoku\x64\release\sudoku.tlog\link.write.1.tlog
h:\vscode\sudoku\sudoku\x64\release\sudoku.tlog\sudoku.write.1u.tlog
